# JRE version: OpenJDK Runtime Environment (8.0_212-b04) (build 1.8.0_212-release-1586-b04)
# Java VM: OpenJDK 64-Bit Server VM (25.212-b04 mixed mode windows-amd64 compressed oops)
Heap:
 PSYoungGen      total 312320K, used 177088K [0x00000000e0000000, 0x00000000f5480000, 0x0000000100000000)
  eden space 293376K, 53% used [0x00000000e0000000,0x00000000e9a8db08,0x00000000f1e80000)
  from space 18944K, 99% used [0x00000000f4200000,0x00000000f54627c8,0x00000000f5480000)
  to   space 27648K, 0% used [0x00000000f1e80000,0x00000000f1e80000,0x00000000f3980000)
 ParOldGen       total 121344K, used 46578K [0x00000000a0000000, 0x00000000a7680000, 0x00000000e0000000)
  object space 121344K, 38% used [0x00000000a0000000,0x00000000a2d7caa8,0x00000000a7680000)
 Metaspace       used 80049K, capacity 83672K, committed 83840K, reserved 1122304K
  class space    used 10554K, capacity 11308K, committed 11392K, reserved 1048576K
GC Heap History (10 events):
Event: 22.791 GC heap before
{Heap before GC invocations=11 (full 2):
 PSYoungGen      total 192000K, used 190618K [0x00000000e0000000, 0x00000000edc80000, 0x0000000100000000)
  eden space 177664K, 100% used [0x00000000e0000000,0x00000000ead80000,0x00000000ead80000)
  from space 14336K, 90% used [0x00000000ebd00000,0x00000000ec9a6828,0x00000000ecb00000)
  to   space 15872K, 0% used [0x00000000ead80000,0x00000000ead80000,0x00000000ebd00000)
 ParOldGen       total 88576K, used 18755K [0x00000000a0000000, 0x00000000a5680000, 0x00000000e0000000)
  object space 88576K, 21% used [0x00000000a0000000,0x00000000a1250ce0,0x00000000a5680000)
 Metaspace       used 56225K, capacity 58096K, committed 58240K, reserved 1099776K
  class space    used 7600K, capacity 8062K, committed 8064K, reserved 1048576K
Event: 22.814 GC heap after
Heap after GC invocations=11 (full 2):
 PSYoungGen      total 193536K, used 15844K [0x00000000e0000000, 0x00000000f0c80000, 0x0000000100000000)
  eden space 177664K, 0% used [0x00000000e0000000,0x00000000e0000000,0x00000000ead80000)
  from space 15872K, 99% used [0x00000000ead80000,0x00000000ebcf9310,0x00000000ebd00000)
  to   space 22528K, 0% used [0x00000000ef680000,0x00000000ef680000,0x00000000f0c80000)
 ParOldGen       total 88576K, used 30054K [0x00000000a0000000, 0x00000000a5680000, 0x00000000e0000000)
  object space 88576K, 33% used [0x00000000a0000000,0x00000000a1d598c0,0x00000000a5680000)
 Metaspace       used 56225K, capacity 58096K, committed 58240K, reserved 1099776K
  class space    used 7600K, capacity 8062K, committed 8064K, reserved 1048576K
}
Event: 23.093 GC heap before
{Heap before GC invocations=12 (full 2):
 PSYoungGen      total 193536K, used 39382K [0x00000000e0000000, 0x00000000f0c80000, 0x0000000100000000)
  eden space 177664K, 13% used [0x00000000e0000000,0x00000000e16fc640,0x00000000ead80000)
  from space 15872K, 99% used [0x00000000ead80000,0x00000000ebcf9310,0x00000000ebd00000)
  to   space 22528K, 0% used [0x00000000ef680000,0x00000000ef680000,0x00000000f0c80000)
 ParOldGen       total 88576K, used 30054K [0x00000000a0000000, 0x00000000a5680000, 0x00000000e0000000)
  object space 88576K, 33% used [0x00000000a0000000,0x00000000a1d598c0,0x00000000a5680000)
 Metaspace       used 57217K, capacity 59076K, committed 59136K, reserved 1099776K
  class space    used 7754K, capacity 8192K, committed 8192K, reserved 1048576K
Event: 23.112 GC heap after
Heap after GC invocations=12 (full 2):
 PSYoungGen      total 250880K, used 17217K [0x00000000e0000000, 0x00000000f2a00000, 0x0000000100000000)
  eden space 228352K, 0% used [0x00000000e0000000,0x00000000e0000000,0x00000000edf00000)
  from space 22528K, 76% used [0x00000000ef680000,0x00000000f0750758,0x00000000f0c80000)
  to   space 24064K, 0% used [0x00000000edf00000,0x00000000edf00000,0x00000000ef680000)
 ParOldGen       total 88576K, used 30062K [0x00000000a0000000, 0x00000000a5680000, 0x00000000e0000000)
  object space 88576K, 33% used [0x00000000a0000000,0x00000000a1d5b8c0,0x00000000a5680000)
 Metaspace       used 57217K, capacity 59076K, committed 59136K, reserved 1099776K
  class space    used 7754K, capacity 8192K, committed 8192K, reserved 1048576K
}
Event: 23.112 GC heap before
{Heap before GC invocations=13 (full 3):
 PSYoungGen      total 250880K, used 17217K [0x00000000e0000000, 0x00000000f2a00000, 0x0000000100000000)
  eden space 228352K, 0% used [0x00000000e0000000,0x00000000e0000000,0x00000000edf00000)
  from space 22528K, 76% used [0x00000000ef680000,0x00000000f0750758,0x00000000f0c80000)
  to   space 24064K, 0% used [0x00000000edf00000,0x00000000edf00000,0x00000000ef680000)
 ParOldGen       total 88576K, used 30062K [0x00000000a0000000, 0x00000000a5680000, 0x00000000e0000000)
  object space 88576K, 33% used [0x00000000a0000000,0x00000000a1d5b8c0,0x00000000a5680000)
 Metaspace       used 57217K, capacity 59076K, committed 59136K, reserved 1099776K
  class space    used 7754K, capacity 8192K, committed 8192K, reserved 1048576K
Event: 23.373 GC heap after
Heap after GC invocations=13 (full 3):
 PSYoungGen      total 250880K, used 0K [0x00000000e0000000, 0x00000000f2a00000, 0x0000000100000000)
  eden space 228352K, 0% used [0x00000000e0000000,0x00000000e0000000,0x00000000edf00000)
  from space 22528K, 0% used [0x00000000ef680000,0x00000000ef680000,0x00000000f0c80000)
  to   space 24064K, 0% used [0x00000000edf00000,0x00000000edf00000,0x00000000ef680000)
 ParOldGen       total 121344K, used 33246K [0x00000000a0000000, 0x00000000a7680000, 0x00000000e0000000)
  object space 121344K, 27% used [0x00000000a0000000,0x00000000a2077b90,0x00000000a7680000)
 Metaspace       used 57190K, capacity 58986K, committed 59136K, reserved 1099776K
  class space    used 7745K, capacity 8177K, committed 8192K, reserved 1048576K
}
Event: 33.109 GC heap before
{Heap before GC invocations=14 (full 3):
 PSYoungGen      total 250880K, used 228352K [0x00000000e0000000, 0x00000000f2a00000, 0x0000000100000000)
  eden space 228352K, 100% used [0x00000000e0000000,0x00000000edf00000,0x00000000edf00000)
  from space 22528K, 0% used [0x00000000ef680000,0x00000000ef680000,0x00000000f0c80000)
  to   space 24064K, 0% used [0x00000000edf00000,0x00000000edf00000,0x00000000ef680000)
 ParOldGen       total 121344K, used 33246K [0x00000000a0000000, 0x00000000a7680000, 0x00000000e0000000)
  object space 121344K, 27% used [0x00000000a0000000,0x00000000a2077b90,0x00000000a7680000)
 Metaspace       used 69367K, capacity 72218K, committed 72448K, reserved 1112064K
  class space    used 9561K, capacity 10163K, committed 10240K, reserved 1048576K
Event: 33.130 GC heap after
Heap after GC invocations=14 (full 3):
 PSYoungGen      total 252416K, used 21010K [0x00000000e0000000, 0x00000000f5c00000, 0x0000000100000000)
  eden space 228352K, 0% used [0x00000000e0000000,0x00000000e0000000,0x00000000edf00000)
  from space 24064K, 87% used [0x00000000edf00000,0x00000000ef384b60,0x00000000ef680000)
  to   space 26624K, 0% used [0x00000000f4200000,0x00000000f4200000,0x00000000f5c00000)
 ParOldGen       total 121344K, used 33254K [0x00000000a0000000, 0x00000000a7680000, 0x00000000e0000000)
  object space 121344K, 27% used [0x00000000a0000000,0x00000000a2079b90,0x00000000a7680000)
 Metaspace       used 69367K, capacity 72218K, committed 72448K, reserved 1112064K
  class space    used 9561K, capacity 10163K, committed 10240K, reserved 1048576K
}
Event: 939.000 GC heap before
{Heap before GC invocations=15 (full 3):
 PSYoungGen      total 252416K, used 249362K [0x00000000e0000000, 0x00000000f5c00000, 0x0000000100000000)
  eden space 228352K, 100% used [0x00000000e0000000,0x00000000edf00000,0x00000000edf00000)
  from space 24064K, 87% used [0x00000000edf00000,0x00000000ef384b60,0x00000000ef680000)
  to   space 26624K, 0% used [0x00000000f4200000,0x00000000f4200000,0x00000000f5c00000)
 ParOldGen       total 121344K, used 33254K [0x00000000a0000000, 0x00000000a7680000, 0x00000000e0000000)
  object space 121344K, 27% used [0x00000000a0000000,0x00000000a2079b90,0x00000000a7680000)
 Metaspace       used 78551K, capacity 82024K, committed 82176K, reserved 1120256K
  class space    used 10405K, capacity 11138K, committed 11264K, reserved 1048576K
Event: 939.055 GC heap after
Heap after GC invocations=15 (full 3):
 PSYoungGen      total 312320K, used 18825K [0x00000000e0000000, 0x00000000f5480000, 0x0000000100000000)
  eden space 293376K, 0% used [0x00000000e0000000,0x00000000e0000000,0x00000000f1e80000)
  from space 18944K, 99% used [0x00000000f4200000,0x00000000f54627c8,0x00000000f5480000)
  to   space 27648K, 0% used [0x00000000f1e80000,0x00000000f1e80000,0x00000000f3980000)
 ParOldGen       total 121344K, used 46578K [0x00000000a0000000, 0x00000000a7680000, 0x00000000e0000000)
  object space 121344K, 38% used [0x00000000a0000000,0x00000000a2d7caa8,0x00000000a7680000)
 Metaspace       used 78551K, capacity 82024K, committed 82176K, reserved 1120256K
  class space    used 10405K, capacity 11138K, committed 11264K, reserved 1048576K
}

